
app/build/release/app:     formato de ficheiro elf64-x86-64

Secções:
Idx Name          Tam.      VMA               LMA               File off  Algn
  0 .interp       0000001c  0000000000400318  0000000000400318  00000318  2**0
                  CONTENTS, ALLOC, LOAD, READONLY, DATA
  1 .note.gnu.property 00000040  0000000000400338  0000000000400338  00000338  2**3
                  CONTENTS, ALLOC, LOAD, READONLY, DATA
  2 .note.gnu.build-id 00000024  0000000000400378  0000000000400378  00000378  2**2
                  CONTENTS, ALLOC, LOAD, READONLY, DATA
  3 .note.ABI-tag 00000020  000000000040039c  000000000040039c  0000039c  2**2
                  CONTENTS, ALLOC, LOAD, READONLY, DATA
  4 .gnu.hash     00000038  00000000004003c0  00000000004003c0  000003c0  2**3
                  CONTENTS, ALLOC, LOAD, READONLY, DATA
  5 .dynsym       00000318  00000000004003f8  00000000004003f8  000003f8  2**3
                  CONTENTS, ALLOC, LOAD, READONLY, DATA
  6 .dynstr       00000390  0000000000400710  0000000000400710  00000710  2**0
                  CONTENTS, ALLOC, LOAD, READONLY, DATA
  7 .gnu.version  00000042  0000000000400aa0  0000000000400aa0  00000aa0  2**1
                  CONTENTS, ALLOC, LOAD, READONLY, DATA
  8 .gnu.version_r 00000090  0000000000400ae8  0000000000400ae8  00000ae8  2**3
                  CONTENTS, ALLOC, LOAD, READONLY, DATA
  9 .rela.dyn     00000090  0000000000400b78  0000000000400b78  00000b78  2**3
                  CONTENTS, ALLOC, LOAD, READONLY, DATA
 10 .rela.plt     00000270  0000000000400c08  0000000000400c08  00000c08  2**3
                  CONTENTS, ALLOC, LOAD, READONLY, DATA
 11 .init         0000001b  0000000000401000  0000000000401000  00001000  2**2
                  CONTENTS, ALLOC, LOAD, READONLY, CODE
 12 .plt          000001b0  0000000000401020  0000000000401020  00001020  2**4
                  CONTENTS, ALLOC, LOAD, READONLY, CODE
 13 .text         00000466  00000000004011d0  00000000004011d0  000011d0  2**4
                  CONTENTS, ALLOC, LOAD, READONLY, CODE
 14 .fini         0000000d  0000000000401638  0000000000401638  00001638  2**2
                  CONTENTS, ALLOC, LOAD, READONLY, CODE
 15 .rodata       00000080  0000000000402000  0000000000402000  00002000  2**4
                  CONTENTS, ALLOC, LOAD, READONLY, DATA
 16 .eh_frame_hdr 00000034  0000000000402080  0000000000402080  00002080  2**2
                  CONTENTS, ALLOC, LOAD, READONLY, DATA
 17 .eh_frame     000000f0  00000000004020b8  00000000004020b8  000020b8  2**3
                  CONTENTS, ALLOC, LOAD, READONLY, DATA
 18 .gcc_except_table 0000002d  00000000004021a8  00000000004021a8  000021a8  2**0
                  CONTENTS, ALLOC, LOAD, READONLY, DATA
 19 .init_array   00000008  0000000000403d50  0000000000403d50  00002d50  2**3
                  CONTENTS, ALLOC, LOAD, DATA
 20 .fini_array   00000008  0000000000403d58  0000000000403d58  00002d58  2**3
                  CONTENTS, ALLOC, LOAD, DATA
 21 .data.rel.ro  00000058  0000000000403d60  0000000000403d60  00002d60  2**4
                  CONTENTS, ALLOC, LOAD, DATA
 22 .dynamic      00000230  0000000000403db8  0000000000403db8  00002db8  2**3
                  CONTENTS, ALLOC, LOAD, DATA
 23 .got          00000010  0000000000403fe8  0000000000403fe8  00002fe8  2**3
                  CONTENTS, ALLOC, LOAD, DATA
 24 .got.plt      000000e8  0000000000404000  0000000000404000  00003000  2**3
                  CONTENTS, ALLOC, LOAD, DATA
 25 .data         00000004  00000000004040e8  00000000004040e8  000030e8  2**0
                  CONTENTS, ALLOC, LOAD, DATA
 26 .bss          00000090  0000000000404100  0000000000404100  000030ec  2**5
                  ALLOC
 27 .comment      0000002e  0000000000000000  0000000000000000  000030ec  2**0
                  CONTENTS, READONLY
 28 .gnu.build.attributes 00001cd4  0000000000406190  0000000000406190  0000311c  2**2
                  CONTENTS, READONLY, OCTETS
 29 .debug_aranges 00000040  0000000000000000  0000000000000000  00004df0  2**0
                  CONTENTS, READONLY, DEBUGGING, OCTETS
 30 .debug_info   00014b3c  0000000000000000  0000000000000000  00004e30  2**0
                  CONTENTS, READONLY, DEBUGGING, OCTETS
 31 .debug_abbrev 00000ecd  0000000000000000  0000000000000000  0001996c  2**0
                  CONTENTS, READONLY, DEBUGGING, OCTETS
 32 .debug_line   0000050a  0000000000000000  0000000000000000  0001a839  2**0
                  CONTENTS, READONLY, DEBUGGING, OCTETS
 33 .debug_str    0002282e  0000000000000000  0000000000000000  0001ad43  2**0
                  CONTENTS, READONLY, DEBUGGING, OCTETS
 34 .debug_line_str 0000062f  0000000000000000  0000000000000000  0003d571  2**0
                  CONTENTS, READONLY, DEBUGGING, OCTETS
 35 .debug_loclists 00000485  0000000000000000  0000000000000000  0003dba0  2**0
                  CONTENTS, READONLY, DEBUGGING, OCTETS
 36 .debug_rnglists 000000e7  0000000000000000  0000000000000000  0003e025  2**0
                  CONTENTS, READONLY, DEBUGGING, OCTETS

Desmontagem da secção .init:

0000000000401000 <_init>:
  401000:	f3 0f 1e fa          	endbr64 
  401004:	48 83 ec 08          	sub    $0x8,%rsp
  401008:	48 8b 05 e1 2f 00 00 	mov    0x2fe1(%rip),%rax        # 403ff0 <__gmon_start__@Base>
  40100f:	48 85 c0             	test   %rax,%rax
  401012:	74 02                	je     401016 <_init+0x16>
  401014:	ff d0                	call   *%rax
  401016:	48 83 c4 08          	add    $0x8,%rsp
  40101a:	c3                   	ret    

Desmontagem da secção .plt:

0000000000401020 <printf@plt-0x10>:
  401020:	ff 35 e2 2f 00 00    	push   0x2fe2(%rip)        # 404008 <_GLOBAL_OFFSET_TABLE_+0x8>
  401026:	ff 25 e4 2f 00 00    	jmp    *0x2fe4(%rip)        # 404010 <_GLOBAL_OFFSET_TABLE_+0x10>
  40102c:	0f 1f 40 00          	nopl   0x0(%rax)

0000000000401030 <printf@plt>:
  401030:	ff 25 e2 2f 00 00    	jmp    *0x2fe2(%rip)        # 404018 <printf@GLIBC_2.2.5>
  401036:	68 00 00 00 00       	push   $0x0
  40103b:	e9 e0 ff ff ff       	jmp    401020 <_init+0x20>

0000000000401040 <_ZN2sf5ShapeD2Ev@plt>:
  401040:	ff 25 da 2f 00 00    	jmp    *0x2fda(%rip)        # 404020 <_ZN2sf5ShapeD2Ev@Base>
  401046:	68 01 00 00 00       	push   $0x1
  40104b:	e9 d0 ff ff ff       	jmp    401020 <_init+0x20>

0000000000401050 <write@plt>:
  401050:	ff 25 d2 2f 00 00    	jmp    *0x2fd2(%rip)        # 404028 <write@GLIBC_2.2.5>
  401056:	68 02 00 00 00       	push   $0x2
  40105b:	e9 c0 ff ff ff       	jmp    401020 <_init+0x20>

0000000000401060 <_ZN2sf6StringC1EPKcRKSt6locale@plt>:
  401060:	ff 25 ca 2f 00 00    	jmp    *0x2fca(%rip)        # 404030 <_ZN2sf6StringC1EPKcRKSt6locale@Base>
  401066:	68 03 00 00 00       	push   $0x3
  40106b:	e9 b0 ff ff ff       	jmp    401020 <_init+0x20>

0000000000401070 <_ZN2sf14RectangleShapeC1ERKNS_7Vector2IfEE@plt>:
  401070:	ff 25 c2 2f 00 00    	jmp    *0x2fc2(%rip)        # 404038 <_ZN2sf14RectangleShapeC1ERKNS_7Vector2IfEE@Base>
  401076:	68 04 00 00 00       	push   $0x4
  40107b:	e9 a0 ff ff ff       	jmp    401020 <_init+0x20>

0000000000401080 <_ZN2sf12RenderTarget5clearERKNS_5ColorE@plt>:
  401080:	ff 25 ba 2f 00 00    	jmp    *0x2fba(%rip)        # 404040 <_ZN2sf12RenderTarget5clearERKNS_5ColorE@Base>
  401086:	68 05 00 00 00       	push   $0x5
  40108b:	e9 90 ff ff ff       	jmp    401020 <_init+0x20>

0000000000401090 <open@plt>:
  401090:	ff 25 b2 2f 00 00    	jmp    *0x2fb2(%rip)        # 404048 <open@GLIBC_2.2.5>
  401096:	68 06 00 00 00       	push   $0x6
  40109b:	e9 80 ff ff ff       	jmp    401020 <_init+0x20>

00000000004010a0 <_ZN2sf9VideoModeC1Ejjj@plt>:
  4010a0:	ff 25 aa 2f 00 00    	jmp    *0x2faa(%rip)        # 404050 <_ZN2sf9VideoModeC1Ejjj@Base>
  4010a6:	68 07 00 00 00       	push   $0x7
  4010ab:	e9 70 ff ff ff       	jmp    401020 <_init+0x20>

00000000004010b0 <_ZN2sf6Window9pollEventERNS_5EventE@plt>:
  4010b0:	ff 25 a2 2f 00 00    	jmp    *0x2fa2(%rip)        # 404058 <_ZN2sf6Window9pollEventERNS_5EventE@Base>
  4010b6:	68 08 00 00 00       	push   $0x8
  4010bb:	e9 60 ff ff ff       	jmp    401020 <_init+0x20>

00000000004010c0 <_ZdlPvm@plt>:
  4010c0:	ff 25 9a 2f 00 00    	jmp    *0x2f9a(%rip)        # 404060 <_ZdlPvm@CXXABI_1.3.9>
  4010c6:	68 09 00 00 00       	push   $0x9
  4010cb:	e9 50 ff ff ff       	jmp    401020 <_init+0x20>

00000000004010d0 <_ZNK2sf6Window6isOpenEv@plt>:
  4010d0:	ff 25 92 2f 00 00    	jmp    *0x2f92(%rip)        # 404068 <_ZNK2sf6Window6isOpenEv@Base>
  4010d6:	68 0a 00 00 00       	push   $0xa
  4010db:	e9 40 ff ff ff       	jmp    401020 <_init+0x20>

00000000004010e0 <_ZN2sf6Window17setFramerateLimitEj@plt>:
  4010e0:	ff 25 8a 2f 00 00    	jmp    *0x2f8a(%rip)        # 404070 <_ZN2sf6Window17setFramerateLimitEj@Base>
  4010e6:	68 0b 00 00 00       	push   $0xb
  4010eb:	e9 30 ff ff ff       	jmp    401020 <_init+0x20>

00000000004010f0 <_ZN2sf6Window7displayEv@plt>:
  4010f0:	ff 25 82 2f 00 00    	jmp    *0x2f82(%rip)        # 404078 <_ZN2sf6Window7displayEv@Base>
  4010f6:	68 0c 00 00 00       	push   $0xc
  4010fb:	e9 20 ff ff ff       	jmp    401020 <_init+0x20>

0000000000401100 <ioctl@plt>:
  401100:	ff 25 7a 2f 00 00    	jmp    *0x2f7a(%rip)        # 404080 <ioctl@GLIBC_2.2.5>
  401106:	68 0d 00 00 00       	push   $0xd
  40110b:	e9 10 ff ff ff       	jmp    401020 <_init+0x20>

0000000000401110 <_ZNSt6localeD1Ev@plt>:
  401110:	ff 25 72 2f 00 00    	jmp    *0x2f72(%rip)        # 404088 <_ZNSt6localeD1Ev@GLIBCXX_3.4>
  401116:	68 0e 00 00 00       	push   $0xe
  40111b:	e9 00 ff ff ff       	jmp    401020 <_init+0x20>

0000000000401120 <fprintf@plt>:
  401120:	ff 25 6a 2f 00 00    	jmp    *0x2f6a(%rip)        # 404090 <fprintf@GLIBC_2.2.5>
  401126:	68 0f 00 00 00       	push   $0xf
  40112b:	e9 f0 fe ff ff       	jmp    401020 <_init+0x20>

0000000000401130 <read@plt>:
  401130:	ff 25 62 2f 00 00    	jmp    *0x2f62(%rip)        # 404098 <read@GLIBC_2.2.5>
  401136:	68 10 00 00 00       	push   $0x10
  40113b:	e9 e0 fe ff ff       	jmp    401020 <_init+0x20>

0000000000401140 <_ZN2sf12RenderWindowC1ENS_9VideoModeERKNS_6StringEjRKNS_15ContextSettingsE@plt>:
  401140:	ff 25 5a 2f 00 00    	jmp    *0x2f5a(%rip)        # 4040a0 <_ZN2sf12RenderWindowC1ENS_9VideoModeERKNS_6StringEjRKNS_15ContextSettingsE@Base>
  401146:	68 11 00 00 00       	push   $0x11
  40114b:	e9 d0 fe ff ff       	jmp    401020 <_init+0x20>

0000000000401150 <_ZN2sf12RenderTarget4drawERKNS_8DrawableERKNS_12RenderStatesE@plt>:
  401150:	ff 25 52 2f 00 00    	jmp    *0x2f52(%rip)        # 4040a8 <_ZN2sf12RenderTarget4drawERKNS_8DrawableERKNS_12RenderStatesE@Base>
  401156:	68 12 00 00 00       	push   $0x12
  40115b:	e9 c0 fe ff ff       	jmp    401020 <_init+0x20>

0000000000401160 <__gxx_personality_v0@plt>:
  401160:	ff 25 4a 2f 00 00    	jmp    *0x2f4a(%rip)        # 4040b0 <__gxx_personality_v0@CXXABI_1.3>
  401166:	68 13 00 00 00       	push   $0x13
  40116b:	e9 b0 fe ff ff       	jmp    401020 <_init+0x20>

0000000000401170 <_ZN2sf12RenderWindowD1Ev@plt>:
  401170:	ff 25 42 2f 00 00    	jmp    *0x2f42(%rip)        # 4040b8 <_ZN2sf12RenderWindowD1Ev@Base>
  401176:	68 14 00 00 00       	push   $0x14
  40117b:	e9 a0 fe ff ff       	jmp    401020 <_init+0x20>

0000000000401180 <_Unwind_Resume@plt>:
  401180:	ff 25 3a 2f 00 00    	jmp    *0x2f3a(%rip)        # 4040c0 <_Unwind_Resume@GCC_3.0>
  401186:	68 15 00 00 00       	push   $0x15
  40118b:	e9 90 fe ff ff       	jmp    401020 <_init+0x20>

0000000000401190 <_ZN2sf5Shape12setFillColorERKNS_5ColorE@plt>:
  401190:	ff 25 32 2f 00 00    	jmp    *0x2f32(%rip)        # 4040c8 <_ZN2sf5Shape12setFillColorERKNS_5ColorE@Base>
  401196:	68 16 00 00 00       	push   $0x16
  40119b:	e9 80 fe ff ff       	jmp    401020 <_init+0x20>

00000000004011a0 <_ZN2sf6Window5closeEv@plt>:
  4011a0:	ff 25 2a 2f 00 00    	jmp    *0x2f2a(%rip)        # 4040d0 <_ZN2sf6Window5closeEv@Base>
  4011a6:	68 17 00 00 00       	push   $0x17
  4011ab:	e9 70 fe ff ff       	jmp    401020 <_init+0x20>

00000000004011b0 <close@plt>:
  4011b0:	ff 25 22 2f 00 00    	jmp    *0x2f22(%rip)        # 4040d8 <close@GLIBC_2.2.5>
  4011b6:	68 18 00 00 00       	push   $0x18
  4011bb:	e9 60 fe ff ff       	jmp    401020 <_init+0x20>

00000000004011c0 <_ZNSt6localeC1Ev@plt>:
  4011c0:	ff 25 1a 2f 00 00    	jmp    *0x2f1a(%rip)        # 4040e0 <_ZNSt6localeC1Ev@GLIBCXX_3.4>
  4011c6:	68 19 00 00 00       	push   $0x19
  4011cb:	e9 50 fe ff ff       	jmp    401020 <_init+0x20>

Desmontagem da secção .text:

00000000004011d0 <main.cold>:
{
////////////////////////////////////////////////////////////
/// \brief Specialized shape representing a rectangle
///
////////////////////////////////////////////////////////////
class SFML_GRAPHICS_API RectangleShape : public Shape
  4011d0:	66 48 0f 6e c3       	movq   %rbx,%xmm0
  4011d5:	66 48 0f 6e dd       	movq   %rbp,%xmm3
  4011da:	48 8d 7c 24 50       	lea    0x50(%rsp),%rdi
  4011df:	66 0f 6c c3          	punpcklqdq %xmm3,%xmm0
  4011e3:	0f 29 44 24 50       	movaps %xmm0,0x50(%rsp)
  4011e8:	e8 53 fe ff ff       	call   401040 <_ZN2sf5ShapeD2Ev@plt>
	// read(fd, &data, 1);
	// printf("new data: 0x%X\n", data);
	
	close(fd);
	return 0;
}
  4011ed:	48 8d bc 24 b0 01 00 	lea    0x1b0(%rsp),%rdi
  4011f4:	00 
  4011f5:	e8 76 ff ff ff       	call   401170 <_ZN2sf12RenderWindowD1Ev@plt>
  4011fa:	4c 89 e7             	mov    %r12,%rdi
  4011fd:	e8 7e ff ff ff       	call   401180 <_Unwind_Resume@plt>
      _M_length(size_type __length)
      { _M_string_length = __length; }

      pointer
      _M_data() const
      { return _M_dataplus._M_p; }
  401202:	48 8b 7c 24 50       	mov    0x50(%rsp),%rdi
      _M_create(size_type&, size_type);

      void
      _M_dispose()
      {
	if (!_M_is_local())
  401207:	48 8d 44 24 60       	lea    0x60(%rsp),%rax
  40120c:	48 39 c7             	cmp    %rax,%rdi
  40120f:	74 12                	je     401223 <main.cold+0x53>
# endif
			      std::align_val_t(alignof(_Tp)));
	    return;
	  }
#endif
	::operator delete(__p
  401211:	48 8b 44 24 60       	mov    0x60(%rsp),%rax
  401216:	48 8d 34 85 04 00 00 	lea    0x4(,%rax,4),%rsi
  40121d:	00 
  40121e:	e8 9d fe ff ff       	call   4010c0 <_ZdlPvm@plt>
      ~new_allocator() _GLIBCXX_USE_NOEXCEPT { }
  401223:	48 8d 7c 24 18       	lea    0x18(%rsp),%rdi
  401228:	e8 e3 fe ff ff       	call   401110 <_ZNSt6localeD1Ev@plt>
  40122d:	48 89 ef             	mov    %rbp,%rdi
  401230:	e8 4b ff ff ff       	call   401180 <_Unwind_Resume@plt>

0000000000401235 <.annobin_abi_note.c.exit>:
  401235:	66 2e 0f 1f 84 00 00 	cs nopw 0x0(%rax,%rax,1)
  40123c:	00 00 00 
  40123f:	90                   	nop

0000000000401240 <main>:
{
  401240:	41 55                	push   %r13
  401242:	41 54                	push   %r12
  401244:	55                   	push   %rbp
  401245:	53                   	push   %rbx
  401246:	48 89 f3             	mov    %rsi,%rbx
  401249:	48 81 ec c8 03 00 00 	sub    $0x3c8,%rsp
	if (argc < 2) {
  401250:	83 ff 01             	cmp    $0x1,%edi
  401253:	0f 8e 98 02 00 00    	jle    4014f1 <main+0x2b1>
	if ((fd = open(argv[1], O_RDWR)) < 0) {
  401259:	48 8b 7e 08          	mov    0x8(%rsi),%rdi
  40125d:	31 c0                	xor    %eax,%eax
  40125f:	be 02 00 00 00       	mov    $0x2,%esi
  401264:	e8 27 fe ff ff       	call   401090 <open@plt>
  401269:	41 89 c5             	mov    %eax,%r13d
  40126c:	85 c0                	test   %eax,%eax
  40126e:	0f 88 93 02 00 00    	js     401507 <main+0x2c7>
    /// \param attributes   Attribute flags of the context
    /// \param sRgb         sRGB capable framebuffer
    ///
    ////////////////////////////////////////////////////////////
    explicit ContextSettings(unsigned int depth = 0, unsigned int stencil = 0, unsigned int antialiasing = 0, unsigned int major = 1, unsigned int minor = 1, unsigned int attributes = Default, bool sRgb = false) :
    depthBits        (depth),
  401274:	66 0f 6f 05 e4 0d 00 	movdqa 0xde4(%rip),%xmm0        # 402060 <__dso_handle+0x58>
  40127b:	00 
    stencilBits      (stencil),
    antialiasingLevel(antialiasing),
    majorVersion     (major),
    minorVersion     (minor),
  40127c:	48 8b 05 ed 0d 00 00 	mov    0xded(%rip),%rax        # 402070 <__dso_handle+0x68>
	sf::RenderWindow window(sf::VideoMode(600, 600), "Project IHS");
  401283:	48 8d 7c 24 18       	lea    0x18(%rsp),%rdi
	unsigned int data = 0x40404079;
  401288:	c7 44 24 10 79 40 40 	movl   $0x40404079,0x10(%rsp)
  40128f:	40 
	unsigned int button = 0b0;
  401290:	c7 44 24 14 00 00 00 	movl   $0x0,0x14(%rsp)
  401297:	00 
  401298:	48 89 44 24 40       	mov    %rax,0x40(%rsp)
    attributeFlags   (attributes),
    sRgbCapable      (sRgb)
  40129d:	c6 44 24 48 00       	movb   $0x0,0x48(%rsp)
    depthBits        (depth),
  4012a2:	0f 29 44 24 30       	movaps %xmm0,0x30(%rsp)
	sf::RenderWindow window(sf::VideoMode(600, 600), "Project IHS");
  4012a7:	e8 14 ff ff ff       	call   4011c0 <_ZNSt6localeC1Ev@plt>
  4012ac:	48 8d 54 24 18       	lea    0x18(%rsp),%rdx
  4012b1:	be 46 20 40 00       	mov    $0x402046,%esi
  4012b6:	48 8d 7c 24 50       	lea    0x50(%rsp),%rdi
  4012bb:	e8 a0 fd ff ff       	call   401060 <_ZN2sf6StringC1EPKcRKSt6locale@plt>
  4012c0:	b9 20 00 00 00       	mov    $0x20,%ecx
  4012c5:	ba 58 02 00 00       	mov    $0x258,%edx
  4012ca:	be 58 02 00 00       	mov    $0x258,%esi
  4012cf:	48 8d 7c 24 24       	lea    0x24(%rsp),%rdi
  4012d4:	e8 c7 fd ff ff       	call   4010a0 <_ZN2sf9VideoModeC1Ejjj@plt>
  4012d9:	48 8b 74 24 24       	mov    0x24(%rsp),%rsi
  4012de:	8b 54 24 2c          	mov    0x2c(%rsp),%edx
  4012e2:	4c 8d 4c 24 30       	lea    0x30(%rsp),%r9
  4012e7:	41 b8 07 00 00 00    	mov    $0x7,%r8d
  4012ed:	48 8d 4c 24 50       	lea    0x50(%rsp),%rcx
  4012f2:	48 8d bc 24 b0 01 00 	lea    0x1b0(%rsp),%rdi
  4012f9:	00 
  4012fa:	e8 41 fe ff ff       	call   401140 <_ZN2sf12RenderWindowC1ENS_9VideoModeERKNS_6StringEjRKNS_15ContextSettingsE@plt>
      { return _M_dataplus._M_p; }
  4012ff:	48 8b 7c 24 50       	mov    0x50(%rsp),%rdi
	if (!_M_is_local())
  401304:	48 8d 44 24 60       	lea    0x60(%rsp),%rax
  401309:	48 39 c7             	cmp    %rax,%rdi
  40130c:	74 12                	je     401320 <main+0xe0>
	::operator delete(__p
  40130e:	48 8b 44 24 60       	mov    0x60(%rsp),%rax
  401313:	48 8d 34 85 04 00 00 	lea    0x4(,%rax,4),%rsi
  40131a:	00 
  40131b:	e8 a0 fd ff ff       	call   4010c0 <_ZdlPvm@plt>
      ~new_allocator() _GLIBCXX_USE_NOEXCEPT { }
  401320:	48 8d 7c 24 18       	lea    0x18(%rsp),%rdi
  401325:	e8 e6 fd ff ff       	call   401110 <_ZNSt6localeD1Ev@plt>
	window.setFramerateLimit(12);
  40132a:	be 0c 00 00 00       	mov    $0xc,%esi
  40132f:	48 8d bc 24 b0 01 00 	lea    0x1b0(%rsp),%rdi
  401336:	00 
  401337:	e8 a4 fd ff ff       	call   4010e0 <_ZN2sf6Window17setFramerateLimitEj@plt>


////////////////////////////////////////////////////////////
template <typename T>
inline Vector2<T>::Vector2(T X, T Y) :
x(X),
  40133c:	48 8b 05 35 0d 00 00 	mov    0xd35(%rip),%rax        # 402078 <__dso_handle+0x70>
	sf::RectangleShape shape(sf::Vector2f(120.f, 50.f));
  401343:	48 8d 74 24 30       	lea    0x30(%rsp),%rsi
  401348:	48 8d 7c 24 50       	lea    0x50(%rsp),%rdi
  40134d:	48 89 44 24 30       	mov    %rax,0x30(%rsp)
  401352:	e8 19 fd ff ff       	call   401070 <_ZN2sf14RectangleShapeC1ERKNS_7Vector2IfEE@plt>
	shape.setFillColor(sf::Color::Green);
  401357:	be 68 41 40 00       	mov    $0x404168,%esi
  40135c:	48 8d 7c 24 50       	lea    0x50(%rsp),%rdi
  401361:	bd a8 3d 40 00       	mov    $0x403da8,%ebp
  401366:	bb 70 3d 40 00       	mov    $0x403d70,%ebx
  40136b:	e8 20 fe ff ff       	call   401190 <_ZN2sf5Shape12setFillColorERKNS_5ColorE@plt>
	int fd, retval, screen = 1;
  401370:	41 bc 01 00 00 00    	mov    $0x1,%r12d
  401376:	66 2e 0f 1f 84 00 00 	cs nopw 0x0(%rax,%rax,1)
  40137d:	00 00 00 
	while(window.isOpen()){
  401380:	48 8d bc 24 b0 01 00 	lea    0x1b0(%rsp),%rdi
  401387:	00 
  401388:	bd a8 3d 40 00       	mov    $0x403da8,%ebp
  40138d:	bb 70 3d 40 00       	mov    $0x403d70,%ebx
  401392:	e8 39 fd ff ff       	call   4010d0 <_ZNK2sf6Window6isOpenEv@plt>
  401397:	84 c0                	test   %al,%al
  401399:	75 0d                	jne    4013a8 <main+0x168>
  40139b:	e9 06 01 00 00       	jmp    4014a6 <main+0x266>
			if(event.type == sf::Event::Closed)
  4013a0:	8b 44 24 30          	mov    0x30(%rsp),%eax
  4013a4:	85 c0                	test   %eax,%eax
  4013a6:	74 38                	je     4013e0 <main+0x1a0>
		while(window.pollEvent(event)){
  4013a8:	48 8d 74 24 30       	lea    0x30(%rsp),%rsi
  4013ad:	bd a8 3d 40 00       	mov    $0x403da8,%ebp
  4013b2:	bb 70 3d 40 00       	mov    $0x403d70,%ebx
  4013b7:	48 8d bc 24 b0 01 00 	lea    0x1b0(%rsp),%rdi
  4013be:	00 
  4013bf:	e8 ec fc ff ff       	call   4010b0 <_ZN2sf6Window9pollEventERNS_5EventE@plt>
  4013c4:	84 c0                	test   %al,%al
  4013c6:	75 d8                	jne    4013a0 <main+0x160>
		if(screen == 1) {
  4013c8:	41 83 fc 01          	cmp    $0x1,%r12d
  4013cc:	74 32                	je     401400 <main+0x1c0>
{
  4013ce:	41 bc 02 00 00 00    	mov    $0x2,%r12d
  4013d4:	eb aa                	jmp    401380 <main+0x140>
  4013d6:	66 2e 0f 1f 84 00 00 	cs nopw 0x0(%rax,%rax,1)
  4013dd:	00 00 00 
				window.close();
  4013e0:	48 8d bc 24 b0 01 00 	lea    0x1b0(%rsp),%rdi
  4013e7:	00 
  4013e8:	bd a8 3d 40 00       	mov    $0x403da8,%ebp
  4013ed:	bb 70 3d 40 00       	mov    $0x403d70,%ebx
  4013f2:	e8 a9 fd ff ff       	call   4011a0 <_ZN2sf6Window5closeEv@plt>
  4013f7:	eb af                	jmp    4013a8 <main+0x168>
  4013f9:	0f 1f 80 00 00 00 00 	nopl   0x0(%rax)
			ioctl(fd, RD_PBUTTONS);
  401400:	be 62 61 00 00       	mov    $0x6162,%esi
  401405:	44 89 ef             	mov    %r13d,%edi
  401408:	31 c0                	xor    %eax,%eax
  40140a:	bd a8 3d 40 00       	mov    $0x403da8,%ebp
  40140f:	e8 ec fc ff ff       	call   401100 <ioctl@plt>
			read(fd, &button, 1);
  401414:	ba 01 00 00 00       	mov    $0x1,%edx
  401419:	48 8d 74 24 14       	lea    0x14(%rsp),%rsi
  40141e:	44 89 ef             	mov    %r13d,%edi
  401421:	bb 70 3d 40 00       	mov    $0x403d70,%ebx
  401426:	e8 05 fd ff ff       	call   401130 <read@plt>
			printf("qlqr coisa");
  40142b:	bf 52 20 40 00       	mov    $0x402052,%edi
  401430:	31 c0                	xor    %eax,%eax
  401432:	e8 f9 fb ff ff       	call   401030 <printf@plt>
			window.draw(shape);
  401437:	ba 00 41 40 00       	mov    $0x404100,%edx
  40143c:	48 8d 74 24 50       	lea    0x50(%rsp),%rsi
  401441:	48 8d bc 24 e0 01 00 	lea    0x1e0(%rsp),%rdi
  401448:	00 
  401449:	e8 02 fd ff ff       	call   401150 <_ZN2sf12RenderTarget4drawERKNS_8DrawableERKNS_12RenderStatesE@plt>
			window.display();
  40144e:	48 8d bc 24 b0 01 00 	lea    0x1b0(%rsp),%rdi
  401455:	00 
  401456:	e8 95 fc ff ff       	call   4010f0 <_ZN2sf6Window7displayEv@plt>
			if(button == 0b1110) {
  40145b:	83 7c 24 14 0e       	cmpl   $0xe,0x14(%rsp)
  401460:	0f 85 1a ff ff ff    	jne    401380 <main+0x140>
				window.clear(sf::Color::Green);
  401466:	be 68 41 40 00       	mov    $0x404168,%esi
  40146b:	48 8d bc 24 e0 01 00 	lea    0x1e0(%rsp),%rdi
  401472:	00 
  401473:	e8 08 fc ff ff       	call   401080 <_ZN2sf12RenderTarget5clearERKNS_5ColorE@plt>
				ioctl(fd, WR_RED_LEDS);
  401478:	be 65 61 00 00       	mov    $0x6165,%esi
  40147d:	44 89 ef             	mov    %r13d,%edi
  401480:	31 c0                	xor    %eax,%eax
				data = 0b01;
  401482:	c7 44 24 10 01 00 00 	movl   $0x1,0x10(%rsp)
  401489:	00 
				ioctl(fd, WR_RED_LEDS);
  40148a:	e8 71 fc ff ff       	call   401100 <ioctl@plt>
				write(fd, &data, sizeof(data));
  40148f:	ba 04 00 00 00       	mov    $0x4,%edx
  401494:	48 8d 74 24 10       	lea    0x10(%rsp),%rsi
  401499:	44 89 ef             	mov    %r13d,%edi
  40149c:	e8 af fb ff ff       	call   401050 <write@plt>
  4014a1:	e9 28 ff ff ff       	jmp    4013ce <main+0x18e>
	close(fd);
  4014a6:	66 48 0f 6e cb       	movq   %rbx,%xmm1
  4014ab:	66 48 0f 6e d5       	movq   %rbp,%xmm2
  4014b0:	44 89 ef             	mov    %r13d,%edi
  4014b3:	66 0f 6c ca          	punpcklqdq %xmm2,%xmm1
  4014b7:	0f 29 0c 24          	movaps %xmm1,(%rsp)
  4014bb:	e8 f0 fc ff ff       	call   4011b0 <close@plt>
  4014c0:	66 0f 6f 0c 24       	movdqa (%rsp),%xmm1
  4014c5:	48 8d 7c 24 50       	lea    0x50(%rsp),%rdi
  4014ca:	0f 29 4c 24 50       	movaps %xmm1,0x50(%rsp)
  4014cf:	e8 6c fb ff ff       	call   401040 <_ZN2sf5ShapeD2Ev@plt>
}
  4014d4:	48 8d bc 24 b0 01 00 	lea    0x1b0(%rsp),%rdi
  4014db:	00 
  4014dc:	e8 8f fc ff ff       	call   401170 <_ZN2sf12RenderWindowD1Ev@plt>
	return 0;
  4014e1:	31 c0                	xor    %eax,%eax
}
  4014e3:	48 81 c4 c8 03 00 00 	add    $0x3c8,%rsp
  4014ea:	5b                   	pop    %rbx
  4014eb:	5d                   	pop    %rbp
  4014ec:	41 5c                	pop    %r12
  4014ee:	41 5d                	pop    %r13
  4014f0:	c3                   	ret    
		printf("Syntax: %s <device file path>\n", argv[0]);
  4014f1:	48 8b 36             	mov    (%rsi),%rsi
  4014f4:	bf 10 20 40 00       	mov    $0x402010,%edi
  4014f9:	31 c0                	xor    %eax,%eax
  4014fb:	e8 30 fb ff ff       	call   401030 <printf@plt>
		return -EINVAL;
  401500:	b8 ea ff ff ff       	mov    $0xffffffea,%eax
  401505:	eb dc                	jmp    4014e3 <main+0x2a3>
		fprintf(stderr, "Error opening file %s\n", argv[1]);
  401507:	48 8b 53 08          	mov    0x8(%rbx),%rdx
  40150b:	48 8b 3d 6e 2c 00 00 	mov    0x2c6e(%rip),%rdi        # 404180 <stderr@@GLIBC_2.2.5>
  401512:	be 2f 20 40 00       	mov    $0x40202f,%esi
  401517:	31 c0                	xor    %eax,%eax
  401519:	e8 02 fc ff ff       	call   401120 <fprintf@plt>
		return -EBUSY;
  40151e:	b8 f0 ff ff ff       	mov    $0xfffffff0,%eax
  401523:	eb be                	jmp    4014e3 <main+0x2a3>
}
  401525:	49 89 c4             	mov    %rax,%r12
  401528:	e9 c0 fc ff ff       	jmp    4011ed <main.cold+0x1d>
  40152d:	48 89 c5             	mov    %rax,%rbp
  401530:	e9 ee fc ff ff       	jmp    401223 <main.cold+0x53>
      { return _M_dataplus._M_p; }
  401535:	48 89 c5             	mov    %rax,%rbp
  401538:	e9 c5 fc ff ff       	jmp    401202 <main.cold+0x32>
  40153d:	49 89 c4             	mov    %rax,%r12
  401540:	e9 8b fc ff ff       	jmp    4011d0 <main.cold>

0000000000401545 <.annobin_abi_note.c.hot>:
  401545:	66 2e 0f 1f 84 00 00 	cs nopw 0x0(%rax,%rax,1)
  40154c:	00 00 00 
  40154f:	90                   	nop

0000000000401550 <_start>:
  401550:	f3 0f 1e fa          	endbr64 
  401554:	31 ed                	xor    %ebp,%ebp
  401556:	49 89 d1             	mov    %rdx,%r9
  401559:	5e                   	pop    %rsi
  40155a:	48 89 e2             	mov    %rsp,%rdx
  40155d:	48 83 e4 f0          	and    $0xfffffffffffffff0,%rsp
  401561:	50                   	push   %rax
  401562:	54                   	push   %rsp
  401563:	45 31 c0             	xor    %r8d,%r8d
  401566:	31 c9                	xor    %ecx,%ecx
  401568:	48 c7 c7 40 12 40 00 	mov    $0x401240,%rdi
  40156f:	ff 15 73 2a 00 00    	call   *0x2a73(%rip)        # 403fe8 <__libc_start_main@GLIBC_2.34>
  401575:	f4                   	hlt    

0000000000401576 <.annobin_abi_note.c>:
  401576:	66 2e 0f 1f 84 00 00 	cs nopw 0x0(%rax,%rax,1)
  40157d:	00 00 00 

0000000000401580 <_dl_relocate_static_pie>:
  401580:	f3 0f 1e fa          	endbr64 
  401584:	c3                   	ret    

0000000000401585 <.annobin__dl_relocate_static_pie.end>:
  401585:	66 2e 0f 1f 84 00 00 	cs nopw 0x0(%rax,%rax,1)
  40158c:	00 00 00 
  40158f:	90                   	nop

0000000000401590 <deregister_tm_clones>:
  401590:	b8 f0 40 40 00       	mov    $0x4040f0,%eax
  401595:	48 3d f0 40 40 00    	cmp    $0x4040f0,%rax
  40159b:	74 13                	je     4015b0 <deregister_tm_clones+0x20>
  40159d:	b8 00 00 00 00       	mov    $0x0,%eax
  4015a2:	48 85 c0             	test   %rax,%rax
  4015a5:	74 09                	je     4015b0 <deregister_tm_clones+0x20>
  4015a7:	bf f0 40 40 00       	mov    $0x4040f0,%edi
  4015ac:	ff e0                	jmp    *%rax
  4015ae:	66 90                	xchg   %ax,%ax
  4015b0:	c3                   	ret    
  4015b1:	66 66 2e 0f 1f 84 00 	data16 cs nopw 0x0(%rax,%rax,1)
  4015b8:	00 00 00 00 
  4015bc:	0f 1f 40 00          	nopl   0x0(%rax)

00000000004015c0 <register_tm_clones>:
  4015c0:	be f0 40 40 00       	mov    $0x4040f0,%esi
  4015c5:	48 81 ee f0 40 40 00 	sub    $0x4040f0,%rsi
  4015cc:	48 89 f0             	mov    %rsi,%rax
  4015cf:	48 c1 ee 3f          	shr    $0x3f,%rsi
  4015d3:	48 c1 f8 03          	sar    $0x3,%rax
  4015d7:	48 01 c6             	add    %rax,%rsi
  4015da:	48 d1 fe             	sar    %rsi
  4015dd:	74 11                	je     4015f0 <register_tm_clones+0x30>
  4015df:	b8 00 00 00 00       	mov    $0x0,%eax
  4015e4:	48 85 c0             	test   %rax,%rax
  4015e7:	74 07                	je     4015f0 <register_tm_clones+0x30>
  4015e9:	bf f0 40 40 00       	mov    $0x4040f0,%edi
  4015ee:	ff e0                	jmp    *%rax
  4015f0:	c3                   	ret    
  4015f1:	66 66 2e 0f 1f 84 00 	data16 cs nopw 0x0(%rax,%rax,1)
  4015f8:	00 00 00 00 
  4015fc:	0f 1f 40 00          	nopl   0x0(%rax)

0000000000401600 <__do_global_dtors_aux>:
  401600:	f3 0f 1e fa          	endbr64 
  401604:	80 3d 7d 2b 00 00 00 	cmpb   $0x0,0x2b7d(%rip)        # 404188 <completed.0>
  40160b:	75 13                	jne    401620 <__do_global_dtors_aux+0x20>
  40160d:	55                   	push   %rbp
  40160e:	48 89 e5             	mov    %rsp,%rbp
  401611:	e8 7a ff ff ff       	call   401590 <deregister_tm_clones>
  401616:	c6 05 6b 2b 00 00 01 	movb   $0x1,0x2b6b(%rip)        # 404188 <completed.0>
  40161d:	5d                   	pop    %rbp
  40161e:	c3                   	ret    
  40161f:	90                   	nop
  401620:	c3                   	ret    
  401621:	66 66 2e 0f 1f 84 00 	data16 cs nopw 0x0(%rax,%rax,1)
  401628:	00 00 00 00 
  40162c:	0f 1f 40 00          	nopl   0x0(%rax)

0000000000401630 <frame_dummy>:
  401630:	f3 0f 1e fa          	endbr64 
  401634:	eb 8a                	jmp    4015c0 <register_tm_clones>

Desmontagem da secção .fini:

0000000000401638 <_fini>:
  401638:	f3 0f 1e fa          	endbr64 
  40163c:	48 83 ec 08          	sub    $0x8,%rsp
  401640:	48 83 c4 08          	add    $0x8,%rsp
  401644:	c3                   	ret    
